[2025-09-17 09:29:58] [INFO]: started
[2025-09-17 09:29:58] [INFO]: init Redis [OK]
[2025-09-17 09:29:58] [INFO]: tick
[2025-09-17 09:32:43] [INFO]: started
[2025-09-17 09:32:43] [INFO]: init Redis [OK]
[2025-09-17 09:32:43] [INFO]: tick
[2025-09-17 09:32:48] [INFO]: tick
[2025-09-17 09:32:49] [INFO]: tick
[2025-09-17 09:32:50] [INFO]: tick
[2025-09-17 09:32:51] [INFO]: tick
[2025-09-17 09:32:52] [INFO]: tick
[2025-09-17 09:32:53] [INFO]: tick
[2025-09-17 09:32:54] [INFO]: tick
[2025-09-17 09:32:55] [INFO]: tick
[2025-09-17 09:32:56] [INFO]: tick
[2025-09-17 09:32:57] [INFO]: tick
[2025-09-17 09:32:58] [INFO]: tick
[2025-09-17 09:32:59] [INFO]: tick
[2025-09-17 09:33:00] [INFO]: tick
[2025-09-17 09:33:01] [INFO]: tick
[2025-09-17 09:33:02] [INFO]: tick
[2025-09-17 09:33:03] [INFO]: tick
[2025-09-17 09:33:04] [INFO]: tick
[2025-09-17 09:33:05] [INFO]: tick
[2025-09-17 09:33:06] [INFO]: tick
[2025-09-17 09:33:07] [INFO]: tick
[2025-09-17 09:33:08] [INFO]: tick
[2025-09-17 09:33:09] [INFO]: tick
[2025-09-17 09:33:10] [INFO]: tick
[2025-09-17 09:33:11] [INFO]: tick
[2025-09-17 09:33:12] [INFO]: tick
[2025-09-17 09:33:13] [INFO]: tick
[2025-09-17 09:33:14] [INFO]: tick
[2025-09-17 09:33:15] [INFO]: tick
[2025-09-17 09:33:16] [INFO]: tick
[2025-09-17 09:33:17] [INFO]: tick
[2025-09-17 09:33:18] [INFO]: tick
[2025-09-17 09:33:19] [INFO]: tick
[2025-09-17 09:33:20] [INFO]: tick
[2025-09-17 09:33:21] [INFO]: tick
[2025-09-17 09:33:22] [INFO]: tick
[2025-09-17 09:33:23] [INFO]: tick
[2025-09-17 09:33:24] [INFO]: tick
[2025-09-17 09:33:25] [INFO]: tick
[2025-09-17 09:33:26] [INFO]: tick
[2025-09-17 09:33:27] [INFO]: tick
[2025-09-17 09:33:28] [INFO]: tick
[2025-09-17 09:33:29] [INFO]: tick
[2025-09-17 09:33:30] [INFO]: tick
[2025-09-17 09:33:31] [INFO]: tick
[2025-09-17 09:33:32] [INFO]: tick
[2025-09-17 09:33:33] [INFO]: tick
[2025-09-17 09:33:34] [INFO]: tick
[2025-09-17 09:33:35] [INFO]: tick
[2025-09-17 09:33:36] [INFO]: tick
[2025-09-17 09:33:37] [INFO]: tick
[2025-09-17 09:33:38] [INFO]: tick
[2025-09-17 09:33:39] [INFO]: tick
[2025-09-17 09:33:40] [INFO]: tick
[2025-09-17 09:33:41] [INFO]: tick
[2025-09-17 09:33:42] [INFO]: tick
[2025-09-17 09:33:43] [INFO]: tick
[2025-09-17 09:33:44] [INFO]: tick
[2025-09-17 09:33:45] [INFO]: tick
[2025-09-17 09:33:46] [INFO]: tick
[2025-09-17 09:33:47] [INFO]: tick
[2025-09-17 09:33:48] [INFO]: tick
[2025-09-17 09:33:49] [INFO]: tick
[2025-09-17 09:33:50] [INFO]: tick
[2025-09-17 09:33:51] [INFO]: tick
[2025-09-17 09:33:52] [INFO]: tick
[2025-09-17 09:33:53] [INFO]: tick
[2025-09-17 09:33:54] [INFO]: tick
[2025-09-17 09:33:55] [INFO]: tick
[2025-09-17 09:33:56] [INFO]: tick
[2025-09-17 09:33:57] [INFO]: tick
[2025-09-17 09:33:58] [INFO]: tick
[2025-09-17 09:33:59] [INFO]: tick
[2025-09-17 09:34:00] [INFO]: tick
[2025-09-17 09:34:01] [INFO]: tick
[2025-09-17 09:34:02] [INFO]: tick
[2025-09-17 09:34:03] [INFO]: tick
[2025-09-17 09:34:05] [INFO]: tick
[2025-09-17 09:34:06] [INFO]: tick
[2025-09-17 09:34:07] [INFO]: tick
[2025-09-17 09:34:08] [INFO]: tick
[2025-09-17 09:34:09] [INFO]: tick
[2025-09-17 09:34:10] [INFO]: tick
[2025-09-17 09:34:11] [INFO]: tick
[2025-09-17 09:34:12] [INFO]: tick
[2025-09-17 09:34:13] [INFO]: tick
[2025-09-17 09:34:14] [INFO]: tick
[2025-09-17 09:34:15] [INFO]: tick
[2025-09-17 09:34:16] [INFO]: tick
[2025-09-17 09:34:17] [INFO]: tick
[2025-09-17 09:34:18] [INFO]: tick
[2025-09-17 09:34:19] [INFO]: tick
[2025-09-17 09:34:20] [INFO]: tick
[2025-09-17 09:34:21] [INFO]: tick
[2025-09-17 09:34:22] [INFO]: tick
[2025-09-17 09:34:23] [INFO]: tick
[2025-09-17 09:34:24] [INFO]: tick
[2025-09-17 09:34:25] [INFO]: tick
[2025-09-17 09:34:26] [INFO]: tick
[2025-09-17 09:34:27] [INFO]: tick
[2025-09-17 09:34:28] [INFO]: tick
[2025-09-17 09:34:29] [INFO]: tick
[2025-09-17 09:34:30] [INFO]: tick
[2025-09-17 09:34:31] [INFO]: tick
[2025-09-17 09:34:32] [INFO]: tick
[2025-09-17 09:34:33] [INFO]: tick
[2025-09-17 09:34:34] [INFO]: tick
[2025-09-17 09:34:35] [INFO]: tick
[2025-09-17 09:34:36] [INFO]: tick
[2025-09-17 09:34:37] [INFO]: tick
[2025-09-17 09:34:38] [INFO]: tick
[2025-09-17 09:34:39] [INFO]: tick
[2025-09-17 09:34:40] [INFO]: tick
[2025-09-17 09:34:41] [INFO]: tick
[2025-09-17 09:34:42] [INFO]: tick
[2025-09-17 09:34:43] [INFO]: tick
[2025-09-17 09:34:44] [INFO]: tick
[2025-09-17 09:34:45] [INFO]: tick
[2025-09-17 09:34:46] [INFO]: tick
[2025-09-17 09:34:47] [INFO]: tick
[2025-09-17 09:34:48] [INFO]: tick
[2025-09-17 09:34:49] [INFO]: tick
[2025-09-17 09:34:50] [INFO]: tick
[2025-09-17 09:34:51] [INFO]: tick
[2025-09-17 09:34:52] [INFO]: tick
[2025-09-17 09:34:53] [INFO]: tick
[2025-09-17 09:34:54] [INFO]: tick
[2025-09-17 09:34:55] [INFO]: tick
[2025-09-17 09:34:56] [INFO]: tick
[2025-09-17 09:34:57] [INFO]: tick
[2025-09-17 09:34:58] [INFO]: tick
[2025-09-17 09:34:59] [INFO]: tick
[2025-09-17 09:35:00] [INFO]: tick
[2025-09-17 09:35:01] [INFO]: tick
[2025-09-17 09:35:02] [INFO]: tick
[2025-09-17 09:35:03] [INFO]: tick
[2025-09-17 09:35:04] [INFO]: tick
[2025-09-17 09:35:05] [INFO]: tick
[2025-09-17 09:35:06] [INFO]: tick
[2025-09-17 09:35:07] [INFO]: tick
[2025-09-17 09:35:08] [INFO]: tick
[2025-09-17 09:35:09] [INFO]: tick
[2025-09-17 09:35:10] [INFO]: tick
[2025-09-17 09:35:11] [INFO]: tick
[2025-09-17 09:35:12] [INFO]: tick
[2025-09-17 09:35:13] [INFO]: tick
[2025-09-17 09:35:14] [INFO]: tick
[2025-09-17 09:35:15] [INFO]: tick
[2025-09-17 09:35:16] [INFO]: tick
[2025-09-17 09:35:17] [INFO]: tick
[2025-09-17 09:35:18] [INFO]: tick
[2025-09-17 09:35:19] [INFO]: tick
[2025-09-17 09:35:20] [INFO]: tick
[2025-09-17 09:35:21] [INFO]: tick
[2025-09-17 09:35:22] [INFO]: tick
[2025-09-17 09:35:24] [INFO]: tick
[2025-09-17 09:35:25] [INFO]: tick
[2025-09-17 09:35:26] [INFO]: tick
[2025-09-17 09:35:27] [INFO]: tick
[2025-09-17 09:35:28] [INFO]: tick
[2025-09-17 09:35:29] [INFO]: tick
[2025-09-17 09:35:30] [INFO]: tick
[2025-09-17 09:35:31] [INFO]: tick
[2025-09-17 09:35:32] [INFO]: tick
[2025-09-17 09:35:33] [INFO]: tick
[2025-09-17 09:35:34] [INFO]: tick
[2025-09-17 09:35:35] [INFO]: tick
[2025-09-17 09:35:36] [INFO]: tick
[2025-09-17 09:35:37] [INFO]: tick
[2025-09-17 09:35:38] [INFO]: tick
[2025-09-17 09:35:39] [INFO]: tick
[2025-09-17 09:35:40] [INFO]: tick
[2025-09-17 09:35:41] [INFO]: tick
[2025-09-17 09:35:42] [INFO]: tick
[2025-09-17 09:35:43] [INFO]: tick
[2025-09-17 09:35:44] [INFO]: tick
[2025-09-17 09:35:45] [INFO]: tick
[2025-09-17 09:35:46] [INFO]: tick
[2025-09-17 09:35:47] [INFO]: tick
[2025-09-17 09:35:48] [INFO]: tick
[2025-09-17 09:35:49] [INFO]: tick
[2025-09-17 09:35:50] [INFO]: started
[2025-09-17 09:35:50] [INFO]: запуск демона, wifi, EVENT, INFO
[2025-09-17 09:35:50] [INFO]: init Redis [OK]
[2025-09-17 09:49:44] [INFO]: включение, wifi, EVENT, INFO
[2025-09-17 09:50:08] [INFO]: отключение, wifi, EVENT, INFO
[2025-09-17 09:50:21] [INFO]: включение, wifi, EVENT, INFO
[2025-09-17 09:51:07] [INFO]: отключение, wifi, EVENT, INFO
[2025-09-17 09:51:21] [INFO]: включение, wifi, EVENT, INFO
[2025-09-17 09:51:36] [INFO]: отключение, wifi, EVENT, INFO
